{"/workspace/ski-resorts-weather-check/ski-weather-app/index.js": {"path":"/workspace/ski-resorts-weather-check/ski-weather-app/index.js","statementMap":{"0":{"start":{"line":1,"column":0},"end":{"line":1,"column":27}},"1":{"start":{"line":2,"column":16},"end":{"line":2,"column":34}},"2":{"start":{"line":3,"column":14},"end":{"line":3,"column":30}},"3":{"start":{"line":4,"column":13},"end":{"line":4,"column":28}},"4":{"start":{"line":5,"column":17},"end":{"line":5,"column":38}},"5":{"start":{"line":6,"column":34},"end":{"line":6,"column":59}},"6":{"start":{"line":8,"column":12},"end":{"line":8,"column":21}},"7":{"start":{"line":9,"column":13},"end":{"line":9,"column":38}},"8":{"start":{"line":12,"column":0},"end":{"line":12,"column":24}},"9":{"start":{"line":13,"column":0},"end":{"line":13,"column":48}},"10":{"start":{"line":14,"column":0},"end":{"line":14,"column":56}},"11":{"start":{"line":17,"column":0},"end":{"line":17,"column":30}},"12":{"start":{"line":18,"column":0},"end":{"line":18,"column":48}},"13":{"start":{"line":21,"column":24},"end":{"line":21,"column":51}},"14":{"start":{"line":24,"column":0},"end":{"line":26,"column":3}},"15":{"start":{"line":25,"column":2},"end":{"line":25,"column":54}},"16":{"start":{"line":28,"column":0},"end":{"line":230,"column":3}},"17":{"start":{"line":29,"column":21},"end":{"line":29,"column":29}},"18":{"start":{"line":31,"column":2},"end":{"line":36,"column":3}},"19":{"start":{"line":32,"column":4},"end":{"line":35,"column":7}},"20":{"start":{"line":40,"column":22},"end":{"line":40,"column":28}},"21":{"start":{"line":41,"column":23},"end":{"line":43,"column":53}},"22":{"start":{"line":45,"column":2},"end":{"line":229,"column":3}},"23":{"start":{"line":49,"column":4},"end":{"line":168,"column":5}},"24":{"start":{"line":50,"column":6},"end":{"line":50,"column":56}},"25":{"start":{"line":51,"column":22},"end":{"line":51,"column":59}},"26":{"start":{"line":53,"column":6},"end":{"line":58,"column":7}},"27":{"start":{"line":54,"column":8},"end":{"line":57,"column":11}},"28":{"start":{"line":60,"column":6},"end":{"line":60,"column":27}},"29":{"start":{"line":61,"column":6},"end":{"line":61,"column":27}},"30":{"start":{"line":62,"column":6},"end":{"line":62,"column":62}},"31":{"start":{"line":64,"column":6},"end":{"line":64,"column":60}},"32":{"start":{"line":66,"column":26},"end":{"line":68,"column":7}},"33":{"start":{"line":70,"column":6},"end":{"line":75,"column":7}},"34":{"start":{"line":71,"column":8},"end":{"line":74,"column":11}},"35":{"start":{"line":77,"column":6},"end":{"line":77,"column":36}},"36":{"start":{"line":78,"column":6},"end":{"line":78,"column":36}},"37":{"start":{"line":81,"column":30},"end":{"line":83,"column":7}},"38":{"start":{"line":86,"column":37},"end":{"line":88,"column":7}},"39":{"start":{"line":91,"column":27},"end":{"line":91,"column":52}},"40":{"start":{"line":92,"column":24},"end":{"line":92,"column":26}},"41":{"start":{"line":93,"column":21},"end":{"line":93,"column":23}},"42":{"start":{"line":96,"column":6},"end":{"line":142,"column":9}},"43":{"start":{"line":97,"column":21},"end":{"line":97,"column":45}},"44":{"start":{"line":98,"column":20},"end":{"line":98,"column":52}},"45":{"start":{"line":100,"column":8},"end":{"line":141,"column":9}},"46":{"start":{"line":101,"column":10},"end":{"line":122,"column":12}},"47":{"start":{"line":123,"column":10},"end":{"line":123,"column":38}},"48":{"start":{"line":126,"column":10},"end":{"line":126,"column":84}},"49":{"start":{"line":127,"column":10},"end":{"line":127,"column":84}},"50":{"start":{"line":130,"column":10},"end":{"line":132,"column":11}},"51":{"start":{"line":131,"column":12},"end":{"line":131,"column":53}},"52":{"start":{"line":133,"column":10},"end":{"line":135,"column":11}},"53":{"start":{"line":134,"column":12},"end":{"line":134,"column":53}},"54":{"start":{"line":138,"column":10},"end":{"line":140,"column":11}},"55":{"start":{"line":139,"column":12},"end":{"line":139,"column":39}},"56":{"start":{"line":145,"column":6},"end":{"line":167,"column":8}},"57":{"start":{"line":170,"column":26},"end":{"line":170,"column":55}},"58":{"start":{"line":173,"column":25},"end":{"line":173,"column":61}},"59":{"start":{"line":175,"column":4},"end":{"line":183,"column":7}},"60":{"start":{"line":185,"column":4},"end":{"line":185,"column":57}},"61":{"start":{"line":188,"column":4},"end":{"line":208,"column":5}},"62":{"start":{"line":189,"column":6},"end":{"line":189,"column":71}},"63":{"start":{"line":190,"column":6},"end":{"line":207,"column":7}},"64":{"start":{"line":191,"column":24},"end":{"line":191,"column":61}},"65":{"start":{"line":192,"column":28},"end":{"line":192,"column":69}},"66":{"start":{"line":193,"column":30},"end":{"line":193,"column":59}},"67":{"start":{"line":194,"column":29},"end":{"line":194,"column":65}},"68":{"start":{"line":196,"column":8},"end":{"line":204,"column":11}},"69":{"start":{"line":206,"column":8},"end":{"line":206,"column":68}},"70":{"start":{"line":211,"column":23},"end":{"line":211,"column":77}},"71":{"start":{"line":213,"column":4},"end":{"line":223,"column":5}},"72":{"start":{"line":214,"column":6},"end":{"line":220,"column":7}},"73":{"start":{"line":215,"column":8},"end":{"line":215,"column":101}},"74":{"start":{"line":216,"column":13},"end":{"line":220,"column":7}},"75":{"start":{"line":217,"column":8},"end":{"line":217,"column":67}},"76":{"start":{"line":218,"column":13},"end":{"line":220,"column":7}},"77":{"start":{"line":219,"column":8},"end":{"line":219,"column":69}},"78":{"start":{"line":221,"column":11},"end":{"line":223,"column":5}},"79":{"start":{"line":222,"column":6},"end":{"line":222,"column":96}},"80":{"start":{"line":225,"column":4},"end":{"line":228,"column":7}},"81":{"start":{"line":235,"column":22},"end":{"line":235,"column":96}},"82":{"start":{"line":237,"column":0},"end":{"line":242,"column":1}},"83":{"start":{"line":238,"column":2},"end":{"line":238,"column":113}},"84":{"start":{"line":239,"column":2},"end":{"line":239,"column":114}},"85":{"start":{"line":240,"column":2},"end":{"line":240,"column":114}},"86":{"start":{"line":241,"column":2},"end":{"line":241,"column":83}},"87":{"start":{"line":245,"column":0},"end":{"line":250,"column":1}},"88":{"start":{"line":246,"column":2},"end":{"line":249,"column":5}},"89":{"start":{"line":247,"column":4},"end":{"line":247,"column":62}},"90":{"start":{"line":248,"column":4},"end":{"line":248,"column":97}},"91":{"start":{"line":253,"column":0},"end":{"line":253,"column":40}}},"fnMap":{"0":{"name":"(anonymous_0)","decl":{"start":{"line":24,"column":13},"end":{"line":24,"column":14}},"loc":{"start":{"line":24,"column":27},"end":{"line":26,"column":1}},"line":24},"1":{"name":"(anonymous_1)","decl":{"start":{"line":28,"column":21},"end":{"line":28,"column":22}},"loc":{"start":{"line":28,"column":41},"end":{"line":230,"column":1}},"line":28},"2":{"name":"(anonymous_2)","decl":{"start":{"line":96,"column":27},"end":{"line":96,"column":28}},"loc":{"start":{"line":96,"column":35},"end":{"line":142,"column":7}},"line":96},"3":{"name":"(anonymous_3)","decl":{"start":{"line":246,"column":30},"end":{"line":246,"column":31}},"loc":{"start":{"line":246,"column":36},"end":{"line":249,"column":3}},"line":246}},"branchMap":{"0":{"loc":{"start":{"line":9,"column":13},"end":{"line":9,"column":38}},"type":"binary-expr","locations":[{"start":{"line":9,"column":13},"end":{"line":9,"column":29}},{"start":{"line":9,"column":33},"end":{"line":9,"column":38}}],"line":9},"1":{"loc":{"start":{"line":31,"column":2},"end":{"line":36,"column":3}},"type":"if","locations":[{"start":{"line":31,"column":2},"end":{"line":36,"column":3}},{"start":{},"end":{}}],"line":31},"2":{"loc":{"start":{"line":41,"column":23},"end":{"line":43,"column":53}},"type":"cond-expr","locations":[{"start":{"line":43,"column":22},"end":{"line":43,"column":28}},{"start":{"line":43,"column":31},"end":{"line":43,"column":53}}],"line":41},"3":{"loc":{"start":{"line":41,"column":23},"end":{"line":42,"column":61}},"type":"binary-expr","locations":[{"start":{"line":41,"column":23},"end":{"line":41,"column":59}},{"start":{"line":42,"column":22},"end":{"line":42,"column":61}}],"line":41},"4":{"loc":{"start":{"line":49,"column":4},"end":{"line":168,"column":5}},"type":"if","locations":[{"start":{"line":49,"column":4},"end":{"line":168,"column":5}},{"start":{"line":63,"column":11},"end":{"line":168,"column":5}}],"line":49},"5":{"loc":{"start":{"line":53,"column":6},"end":{"line":58,"column":7}},"type":"if","locations":[{"start":{"line":53,"column":6},"end":{"line":58,"column":7}},{"start":{},"end":{}}],"line":53},"6":{"loc":{"start":{"line":53,"column":10},"end":{"line":53,"column":42}},"type":"binary-expr","locations":[{"start":{"line":53,"column":10},"end":{"line":53,"column":18}},{"start":{"line":53,"column":22},"end":{"line":53,"column":42}}],"line":53},"7":{"loc":{"start":{"line":70,"column":6},"end":{"line":75,"column":7}},"type":"if","locations":[{"start":{"line":70,"column":6},"end":{"line":75,"column":7}},{"start":{},"end":{}}],"line":70},"8":{"loc":{"start":{"line":70,"column":10},"end":{"line":70,"column":60}},"type":"binary-expr","locations":[{"start":{"line":70,"column":10},"end":{"line":70,"column":27}},{"start":{"line":70,"column":31},"end":{"line":70,"column":60}}],"line":70},"9":{"loc":{"start":{"line":100,"column":8},"end":{"line":141,"column":9}},"type":"if","locations":[{"start":{"line":100,"column":8},"end":{"line":141,"column":9}},{"start":{"line":124,"column":15},"end":{"line":141,"column":9}}],"line":100},"10":{"loc":{"start":{"line":119,"column":17},"end":{"line":119,"column":30}},"type":"binary-expr","locations":[{"start":{"line":119,"column":17},"end":{"line":119,"column":25}},{"start":{"line":119,"column":29},"end":{"line":119,"column":30}}],"line":119},"11":{"loc":{"start":{"line":120,"column":18},"end":{"line":120,"column":49}},"type":"cond-expr","locations":[{"start":{"line":120,"column":30},"end":{"line":120,"column":45}},{"start":{"line":120,"column":48},"end":{"line":120,"column":49}}],"line":120},"12":{"loc":{"start":{"line":121,"column":18},"end":{"line":121,"column":49}},"type":"cond-expr","locations":[{"start":{"line":121,"column":30},"end":{"line":121,"column":45}},{"start":{"line":121,"column":48},"end":{"line":121,"column":49}}],"line":121},"13":{"loc":{"start":{"line":130,"column":10},"end":{"line":132,"column":11}},"type":"if","locations":[{"start":{"line":130,"column":10},"end":{"line":132,"column":11}},{"start":{},"end":{}}],"line":130},"14":{"loc":{"start":{"line":131,"column":32},"end":{"line":131,"column":52}},"type":"binary-expr","locations":[{"start":{"line":131,"column":32},"end":{"line":131,"column":47}},{"start":{"line":131,"column":51},"end":{"line":131,"column":52}}],"line":131},"15":{"loc":{"start":{"line":133,"column":10},"end":{"line":135,"column":11}},"type":"if","locations":[{"start":{"line":133,"column":10},"end":{"line":135,"column":11}},{"start":{},"end":{}}],"line":133},"16":{"loc":{"start":{"line":134,"column":32},"end":{"line":134,"column":52}},"type":"binary-expr","locations":[{"start":{"line":134,"column":32},"end":{"line":134,"column":47}},{"start":{"line":134,"column":51},"end":{"line":134,"column":52}}],"line":134},"17":{"loc":{"start":{"line":138,"column":10},"end":{"line":140,"column":11}},"type":"if","locations":[{"start":{"line":138,"column":10},"end":{"line":140,"column":11}},{"start":{},"end":{}}],"line":138},"18":{"loc":{"start":{"line":163,"column":16},"end":{"line":163,"column":93}},"type":"cond-expr","locations":[{"start":{"line":163,"column":51},"end":{"line":163,"column":89}},{"start":{"line":163,"column":92},"end":{"line":163,"column":93}}],"line":163},"19":{"loc":{"start":{"line":164,"column":16},"end":{"line":164,"column":93}},"type":"cond-expr","locations":[{"start":{"line":164,"column":51},"end":{"line":164,"column":89}},{"start":{"line":164,"column":92},"end":{"line":164,"column":93}}],"line":164},"20":{"loc":{"start":{"line":188,"column":4},"end":{"line":208,"column":5}},"type":"if","locations":[{"start":{"line":188,"column":4},"end":{"line":208,"column":5}},{"start":{},"end":{}}],"line":188},"21":{"loc":{"start":{"line":188,"column":8},"end":{"line":188,"column":94}},"type":"binary-expr","locations":[{"start":{"line":188,"column":8},"end":{"line":188,"column":22}},{"start":{"line":188,"column":27},"end":{"line":188,"column":57}},{"start":{"line":188,"column":61},"end":{"line":188,"column":93}}],"line":188},"22":{"loc":{"start":{"line":213,"column":4},"end":{"line":223,"column":5}},"type":"if","locations":[{"start":{"line":213,"column":4},"end":{"line":223,"column":5}},{"start":{"line":221,"column":11},"end":{"line":223,"column":5}}],"line":213},"23":{"loc":{"start":{"line":214,"column":6},"end":{"line":220,"column":7}},"type":"if","locations":[{"start":{"line":214,"column":6},"end":{"line":220,"column":7}},{"start":{"line":216,"column":13},"end":{"line":220,"column":7}}],"line":214},"24":{"loc":{"start":{"line":216,"column":13},"end":{"line":220,"column":7}},"type":"if","locations":[{"start":{"line":216,"column":13},"end":{"line":220,"column":7}},{"start":{"line":218,"column":13},"end":{"line":220,"column":7}}],"line":216},"25":{"loc":{"start":{"line":218,"column":13},"end":{"line":220,"column":7}},"type":"if","locations":[{"start":{"line":218,"column":13},"end":{"line":220,"column":7}},{"start":{},"end":{}}],"line":218},"26":{"loc":{"start":{"line":221,"column":11},"end":{"line":223,"column":5}},"type":"if","locations":[{"start":{"line":221,"column":11},"end":{"line":223,"column":5}},{"start":{},"end":{}}],"line":221},"27":{"loc":{"start":{"line":235,"column":22},"end":{"line":235,"column":96}},"type":"binary-expr","locations":[{"start":{"line":235,"column":22},"end":{"line":235,"column":38}},{"start":{"line":235,"column":42},"end":{"line":235,"column":96}}],"line":235},"28":{"loc":{"start":{"line":237,"column":0},"end":{"line":242,"column":1}},"type":"if","locations":[{"start":{"line":237,"column":0},"end":{"line":242,"column":1}},{"start":{},"end":{}}],"line":237},"29":{"loc":{"start":{"line":245,"column":0},"end":{"line":250,"column":1}},"type":"if","locations":[{"start":{"line":245,"column":0},"end":{"line":250,"column":1}},{"start":{},"end":{}}],"line":245}},"s":{"0":1,"1":1,"2":1,"3":1,"4":1,"5":1,"6":1,"7":1,"8":1,"9":1,"10":1,"11":1,"12":1,"13":1,"14":1,"15":1,"16":1,"17":2,"18":2,"19":1,"20":1,"21":1,"22":1,"23":1,"24":1,"25":1,"26":1,"27":0,"28":1,"29":1,"30":1,"31":0,"32":0,"33":0,"34":0,"35":0,"36":0,"37":0,"38":0,"39":0,"40":0,"41":0,"42":0,"43":0,"44":0,"45":0,"46":0,"47":0,"48":0,"49":0,"50":0,"51":0,"52":0,"53":0,"54":0,"55":0,"56":0,"57":1,"58":1,"59":1,"60":0,"61":0,"62":0,"63":0,"64":0,"65":0,"66":0,"67":0,"68":0,"69":0,"70":0,"71":0,"72":0,"73":0,"74":0,"75":0,"76":0,"77":0,"78":0,"79":0,"80":0,"81":1,"82":1,"83":1,"84":1,"85":1,"86":1,"87":1,"88":0,"89":0,"90":0,"91":1},"f":{"0":1,"1":2,"2":0,"3":0},"b":{"0":[1,1],"1":[1,1],"2":[0,1],"3":[1,1],"4":[1,0],"5":[0,1],"6":[1,1],"7":[0,0],"8":[0,0],"9":[0,0],"10":[0,0],"11":[0,0],"12":[0,0],"13":[0,0],"14":[0,0],"15":[0,0],"16":[0,0],"17":[0,0],"18":[0,0],"19":[0,0],"20":[0,0],"21":[0,0,0],"22":[0,0],"23":[0,0],"24":[0,0],"25":[0,0],"26":[0,0],"27":[1,0],"28":[1,0],"29":[0,1]},"_coverageSchema":"1a1c01bbd47fc00a2c39e90264f33305004495a9","hash":"05c4ace5beb726886deca5308ed0a85901d84fe1"}
,"/workspace/ski-resorts-weather-check/ski-weather-app/mockData.js": {"path":"/workspace/ski-resorts-weather-check/ski-weather-app/mockData.js","statementMap":{"0":{"start":{"line":2,"column":0},"end":{"line":332,"column":2}},"1":{"start":{"line":4,"column":4},"end":{"line":302,"column":6}},"2":{"start":{"line":307,"column":20},"end":{"line":319,"column":5}},"3":{"start":{"line":322,"column":29},"end":{"line":322,"column":53}},"4":{"start":{"line":323,"column":4},"end":{"line":327,"column":5}},"5":{"start":{"line":324,"column":6},"end":{"line":326,"column":7}},"6":{"start":{"line":325,"column":8},"end":{"line":325,"column":21}},"7":{"start":{"line":330,"column":4},"end":{"line":330,"column":25}}},"fnMap":{"0":{"name":"(anonymous_0)","decl":{"start":{"line":3,"column":22},"end":{"line":3,"column":23}},"loc":{"start":{"line":3,"column":38},"end":{"line":303,"column":3}},"line":3},"1":{"name":"(anonymous_1)","decl":{"start":{"line":305,"column":18},"end":{"line":305,"column":19}},"loc":{"start":{"line":305,"column":34},"end":{"line":331,"column":3}},"line":305}},"branchMap":{"0":{"loc":{"start":{"line":324,"column":6},"end":{"line":326,"column":7}},"type":"if","locations":[{"start":{"line":324,"column":6},"end":{"line":326,"column":7}},{"start":{},"end":{}}],"line":324}},"s":{"0":3,"1":7,"2":9,"3":9,"4":9,"5":25,"6":8,"7":1},"f":{"0":7,"1":9},"b":{"0":[8,17]},"_coverageSchema":"1a1c01bbd47fc00a2c39e90264f33305004495a9","hash":"eba2a028e2b8ac5202ad4aa92ec27ed0032926d6"}
,"/workspace/ski-resorts-weather-check/ski-weather-app/snowAnalyzer.js": {"path":"/workspace/ski-resorts-weather-check/ski-weather-app/snowAnalyzer.js","statementMap":{"0":{"start":{"line":3,"column":18},"end":{"line":3,"column":19}},"1":{"start":{"line":4,"column":17},"end":{"line":4,"column":18}},"2":{"start":{"line":5,"column":19},"end":{"line":5,"column":22}},"3":{"start":{"line":6,"column":20},"end":{"line":6,"column":24}},"4":{"start":{"line":8,"column":2},"end":{"line":21,"column":5}},"5":{"start":{"line":10,"column":20},"end":{"line":10,"column":64}},"6":{"start":{"line":11,"column":23},"end":{"line":11,"column":46}},"7":{"start":{"line":13,"column":4},"end":{"line":16,"column":5}},"8":{"start":{"line":14,"column":6},"end":{"line":14,"column":17}},"9":{"start":{"line":15,"column":6},"end":{"line":15,"column":30}},"10":{"start":{"line":19,"column":4},"end":{"line":19,"column":61}},"11":{"start":{"line":19,"column":35},"end":{"line":19,"column":61}},"12":{"start":{"line":20,"column":4},"end":{"line":20,"column":63}},"13":{"start":{"line":20,"column":36},"end":{"line":20,"column":63}},"14":{"start":{"line":24,"column":17},"end":{"line":24,"column":19}},"15":{"start":{"line":26,"column":2},"end":{"line":36,"column":3}},"16":{"start":{"line":27,"column":4},"end":{"line":27,"column":92}},"17":{"start":{"line":28,"column":9},"end":{"line":36,"column":3}},"18":{"start":{"line":29,"column":4},"end":{"line":29,"column":88}},"19":{"start":{"line":30,"column":9},"end":{"line":36,"column":3}},"20":{"start":{"line":31,"column":4},"end":{"line":31,"column":105}},"21":{"start":{"line":32,"column":9},"end":{"line":36,"column":3}},"22":{"start":{"line":33,"column":4},"end":{"line":33,"column":94}},"23":{"start":{"line":35,"column":4},"end":{"line":35,"column":111}},"24":{"start":{"line":38,"column":2},"end":{"line":44,"column":4}},"25":{"start":{"line":47,"column":0},"end":{"line":47,"column":43}}},"fnMap":{"0":{"name":"analyzeSnowConditions","decl":{"start":{"line":2,"column":9},"end":{"line":2,"column":30}},"loc":{"start":{"line":2,"column":46},"end":{"line":45,"column":1}},"line":2},"1":{"name":"(anonymous_1)","decl":{"start":{"line":8,"column":24},"end":{"line":8,"column":25}},"loc":{"start":{"line":8,"column":31},"end":{"line":21,"column":3}},"line":8}},"branchMap":{"0":{"loc":{"start":{"line":10,"column":20},"end":{"line":10,"column":64}},"type":"binary-expr","locations":[{"start":{"line":10,"column":20},"end":{"line":10,"column":28}},{"start":{"line":10,"column":33},"end":{"line":10,"column":63}}],"line":10},"1":{"loc":{"start":{"line":11,"column":23},"end":{"line":11,"column":46}},"type":"cond-expr","locations":[{"start":{"line":11,"column":34},"end":{"line":11,"column":42}},{"start":{"line":11,"column":45},"end":{"line":11,"column":46}}],"line":11},"2":{"loc":{"start":{"line":13,"column":4},"end":{"line":16,"column":5}},"type":"if","locations":[{"start":{"line":13,"column":4},"end":{"line":16,"column":5}},{"start":{},"end":{}}],"line":13},"3":{"loc":{"start":{"line":19,"column":4},"end":{"line":19,"column":61}},"type":"if","locations":[{"start":{"line":19,"column":4},"end":{"line":19,"column":61}},{"start":{},"end":{}}],"line":19},"4":{"loc":{"start":{"line":20,"column":4},"end":{"line":20,"column":63}},"type":"if","locations":[{"start":{"line":20,"column":4},"end":{"line":20,"column":63}},{"start":{},"end":{}}],"line":20},"5":{"loc":{"start":{"line":26,"column":2},"end":{"line":36,"column":3}},"type":"if","locations":[{"start":{"line":26,"column":2},"end":{"line":36,"column":3}},{"start":{"line":28,"column":9},"end":{"line":36,"column":3}}],"line":26},"6":{"loc":{"start":{"line":28,"column":9},"end":{"line":36,"column":3}},"type":"if","locations":[{"start":{"line":28,"column":9},"end":{"line":36,"column":3}},{"start":{"line":30,"column":9},"end":{"line":36,"column":3}}],"line":28},"7":{"loc":{"start":{"line":30,"column":9},"end":{"line":36,"column":3}},"type":"if","locations":[{"start":{"line":30,"column":9},"end":{"line":36,"column":3}},{"start":{"line":32,"column":9},"end":{"line":36,"column":3}}],"line":30},"8":{"loc":{"start":{"line":32,"column":9},"end":{"line":36,"column":3}},"type":"if","locations":[{"start":{"line":32,"column":9},"end":{"line":36,"column":3}},{"start":{"line":34,"column":9},"end":{"line":36,"column":3}}],"line":32}},"s":{"0":6,"1":6,"2":6,"3":6,"4":6,"5":16,"6":16,"7":16,"8":4,"9":4,"10":16,"11":5,"12":16,"13":14,"14":6,"15":6,"16":1,"17":5,"18":1,"19":4,"20":1,"21":3,"22":1,"23":2,"24":6,"25":1},"f":{"0":6,"1":16},"b":{"0":[16,12],"1":[4,12],"2":[4,12],"3":[5,11],"4":[14,2],"5":[1,5],"6":[1,4],"7":[1,3],"8":[1,2]},"_coverageSchema":"1a1c01bbd47fc00a2c39e90264f33305004495a9","hash":"7930cab8cd9446d5513f4669c1e97384ac34f182"}
}
