TN:
SF:index.js
FN:24,(anonymous_0)
FN:28,(anonymous_1)
FN:96,(anonymous_2)
FN:246,(anonymous_3)
FNF:4
FNH:2
FNDA:1,(anonymous_0)
FNDA:2,(anonymous_1)
FNDA:0,(anonymous_2)
FNDA:0,(anonymous_3)
DA:1,1
DA:2,1
DA:3,1
DA:4,1
DA:5,1
DA:6,1
DA:8,1
DA:9,1
DA:12,1
DA:13,1
DA:14,1
DA:17,1
DA:18,1
DA:21,1
DA:24,1
DA:25,1
DA:28,1
DA:29,2
DA:31,2
DA:32,1
DA:40,1
DA:41,1
DA:45,1
DA:49,1
DA:50,1
DA:51,1
DA:53,1
DA:54,0
DA:60,1
DA:61,1
DA:62,1
DA:64,0
DA:66,0
DA:70,0
DA:71,0
DA:77,0
DA:78,0
DA:81,0
DA:86,0
DA:91,0
DA:92,0
DA:93,0
DA:96,0
DA:97,0
DA:98,0
DA:100,0
DA:101,0
DA:123,0
DA:126,0
DA:127,0
DA:130,0
DA:131,0
DA:133,0
DA:134,0
DA:138,0
DA:139,0
DA:145,0
DA:170,1
DA:173,1
DA:175,1
DA:185,0
DA:188,0
DA:189,0
DA:190,0
DA:191,0
DA:192,0
DA:193,0
DA:194,0
DA:196,0
DA:206,0
DA:211,0
DA:213,0
DA:214,0
DA:215,0
DA:216,0
DA:217,0
DA:218,0
DA:219,0
DA:221,0
DA:222,0
DA:225,0
DA:235,1
DA:237,1
DA:238,1
DA:239,1
DA:240,1
DA:241,1
DA:245,1
DA:246,0
DA:247,0
DA:248,0
DA:253,1
LF:92
LH:41
BRDA:9,0,0,1
BRDA:9,0,1,1
BRDA:31,1,0,1
BRDA:31,1,1,1
BRDA:41,2,0,0
BRDA:41,2,1,1
BRDA:41,3,0,1
BRDA:41,3,1,1
BRDA:49,4,0,1
BRDA:49,4,1,0
BRDA:53,5,0,0
BRDA:53,5,1,1
BRDA:53,6,0,1
BRDA:53,6,1,1
BRDA:70,7,0,0
BRDA:70,7,1,0
BRDA:70,8,0,0
BRDA:70,8,1,0
BRDA:100,9,0,0
BRDA:100,9,1,0
BRDA:119,10,0,0
BRDA:119,10,1,0
BRDA:120,11,0,0
BRDA:120,11,1,0
BRDA:121,12,0,0
BRDA:121,12,1,0
BRDA:130,13,0,0
BRDA:130,13,1,0
BRDA:131,14,0,0
BRDA:131,14,1,0
BRDA:133,15,0,0
BRDA:133,15,1,0
BRDA:134,16,0,0
BRDA:134,16,1,0
BRDA:138,17,0,0
BRDA:138,17,1,0
BRDA:163,18,0,0
BRDA:163,18,1,0
BRDA:164,19,0,0
BRDA:164,19,1,0
BRDA:188,20,0,0
BRDA:188,20,1,0
BRDA:188,21,0,0
BRDA:188,21,1,0
BRDA:188,21,2,0
BRDA:213,22,0,0
BRDA:213,22,1,0
BRDA:214,23,0,0
BRDA:214,23,1,0
BRDA:216,24,0,0
BRDA:216,24,1,0
BRDA:218,25,0,0
BRDA:218,25,1,0
BRDA:221,26,0,0
BRDA:221,26,1,0
BRDA:235,27,0,1
BRDA:235,27,1,0
BRDA:237,28,0,1
BRDA:237,28,1,0
BRDA:245,29,0,0
BRDA:245,29,1,1
BRF:61
BRH:14
end_of_record
TN:
SF:mockData.js
FN:3,(anonymous_0)
FN:305,(anonymous_1)
FNF:2
FNH:2
FNDA:7,(anonymous_0)
FNDA:9,(anonymous_1)
DA:2,3
DA:4,7
DA:307,9
DA:322,9
DA:323,9
DA:324,25
DA:325,8
DA:330,1
LF:8
LH:8
BRDA:324,0,0,8
BRDA:324,0,1,17
BRF:2
BRH:2
end_of_record
TN:
SF:snowAnalyzer.js
FN:2,analyzeSnowConditions
FN:8,(anonymous_1)
FNF:2
FNH:2
FNDA:6,analyzeSnowConditions
FNDA:16,(anonymous_1)
DA:3,6
DA:4,6
DA:5,6
DA:6,6
DA:8,6
DA:10,16
DA:11,16
DA:13,16
DA:14,4
DA:15,4
DA:19,16
DA:20,16
DA:24,6
DA:26,6
DA:27,1
DA:28,5
DA:29,1
DA:30,4
DA:31,1
DA:32,3
DA:33,1
DA:35,2
DA:38,6
DA:47,1
LF:24
LH:24
BRDA:10,0,0,16
BRDA:10,0,1,12
BRDA:11,1,0,4
BRDA:11,1,1,12
BRDA:13,2,0,4
BRDA:13,2,1,12
BRDA:19,3,0,5
BRDA:19,3,1,11
BRDA:20,4,0,14
BRDA:20,4,1,2
BRDA:26,5,0,1
BRDA:26,5,1,5
BRDA:28,6,0,1
BRDA:28,6,1,4
BRDA:30,7,0,1
BRDA:30,7,1,3
BRDA:32,8,0,1
BRDA:32,8,1,2
BRF:18
BRH:18
end_of_record
